c:\users\taqui\onedrive\escritorio\proyecto 1a\arkanoid\arkanoid\x64\debug\vc143.pdb
c:\users\taqui\onedrive\escritorio\proyecto 1a\arkanoid\arkanoid\x64\debug\vc143.idb
c:\users\taqui\onedrive\escritorio\proyecto 1a\arkanoid\arkanoid\x64\debug\assets.obj
c:\users\taqui\onedrive\escritorio\proyecto 1a\arkanoid\arkanoid\x64\debug\nivel1.obj
c:\users\taqui\onedrive\escritorio\proyecto 1a\arkanoid\arkanoid\x64\debug\dosjugadores.obj
c:\users\taqui\onedrive\escritorio\proyecto 1a\arkanoid\arkanoid\x64\debug\carga y guardado (avl).obj
c:\users\taqui\onedrive\escritorio\proyecto 1a\arkanoid\arkanoid\x64\debug\arkanoid.obj
c:\users\taqui\onedrive\escritorio\proyecto 1a\arkanoid\x64\debug\arkanoid.exe
c:\users\taqui\onedrive\escritorio\proyecto 1a\arkanoid\x64\debug\arkanoid.pdb
c:\users\taqui\onedrive\escritorio\proyecto 1a\arkanoid\arkanoid\x64\debug\arkanoid.res
c:\users\taqui\onedrive\escritorio\proyecto 1a\arkanoid\arkanoid\x64\debug\arkanoid.ilk
c:\users\taqui\onedrive\escritorio\proyecto 1a\arkanoid\arkanoid\x64\debug\arkanoid.tlog\cl.command.1.tlog
c:\users\taqui\onedrive\escritorio\proyecto 1a\arkanoid\arkanoid\x64\debug\arkanoid.tlog\cl.items.tlog
c:\users\taqui\onedrive\escritorio\proyecto 1a\arkanoid\arkanoid\x64\debug\arkanoid.tlog\cl.read.1.tlog
c:\users\taqui\onedrive\escritorio\proyecto 1a\arkanoid\arkanoid\x64\debug\arkanoid.tlog\cl.write.1.tlog
c:\users\taqui\onedrive\escritorio\proyecto 1a\arkanoid\arkanoid\x64\debug\arkanoid.tlog\link.command.1.tlog
c:\users\taqui\onedrive\escritorio\proyecto 1a\arkanoid\arkanoid\x64\debug\arkanoid.tlog\link.read.1.tlog
c:\users\taqui\onedrive\escritorio\proyecto 1a\arkanoid\arkanoid\x64\debug\arkanoid.tlog\link.secondary.1.tlog
c:\users\taqui\onedrive\escritorio\proyecto 1a\arkanoid\arkanoid\x64\debug\arkanoid.tlog\link.write.1.tlog
c:\users\taqui\onedrive\escritorio\proyecto 1a\arkanoid\arkanoid\x64\debug\arkanoid.tlog\rc.command.1.tlog
c:\users\taqui\onedrive\escritorio\proyecto 1a\arkanoid\arkanoid\x64\debug\arkanoid.tlog\rc.read.1.tlog
c:\users\taqui\onedrive\escritorio\proyecto 1a\arkanoid\arkanoid\x64\debug\arkanoid.tlog\rc.write.1.tlog
